==26796== Helgrind, a thread error detector
==26796== Copyright (C) 2007-2017, and GNU GPL'd, by OpenWorks LLP et al.
==26796== Using Valgrind-3.19.0 and LibVEX; rerun with -h for copyright info
==26796== Command: ./Proj_1
==26796== Parent PID: 25523
==26796== 
==26796== ---Thread-Announcement------------------------------------------
==26796== 
==26796== Thread #103 was created
==26796==    at 0x4967A2F: clone (clone.S:76)
==26796==    by 0x4968878: __clone_internal (clone-internal.c:83)
==26796==    by 0x48E7D6F: create_thread (pthread_create.c:295)
==26796==    by 0x48E882C: pthread_create@@GLIBC_2.34 (pthread_create.c:831)
==26796==    by 0x484B5D7: pthread_create_WRK (hg_intercepts.c:445)
==26796==    by 0x109BFE: projekt_zso (in /mnt/f/GitHub/ZSO/Proj_1/Proj_1)
==26796==    by 0x109CDB: main (in /mnt/f/GitHub/ZSO/Proj_1/Proj_1)
==26796== 
==26796== ---Thread-Announcement------------------------------------------
==26796== 
==26796== Thread #102 was created
==26796==    at 0x4967A2F: clone (clone.S:76)
==26796==    by 0x4968878: __clone_internal (clone-internal.c:83)
==26796==    by 0x48E7D6F: create_thread (pthread_create.c:295)
==26796==    by 0x48E882C: pthread_create@@GLIBC_2.34 (pthread_create.c:831)
==26796==    by 0x484B5D7: pthread_create_WRK (hg_intercepts.c:445)
==26796==    by 0x109BFE: projekt_zso (in /mnt/f/GitHub/ZSO/Proj_1/Proj_1)
==26796==    by 0x109CDB: main (in /mnt/f/GitHub/ZSO/Proj_1/Proj_1)
==26796== 
==26796== ----------------------------------------------------------------
==26796== 
==26796==  Lock at 0x10C560 was first observed
==26796==    at 0x484CEA9: pthread_mutex_init (hg_intercepts.c:818)
==26796==    by 0x109B08: projekt_zso (in /mnt/f/GitHub/ZSO/Proj_1/Proj_1)
==26796==    by 0x109CDB: main (in /mnt/f/GitHub/ZSO/Proj_1/Proj_1)
==26796==  Address 0x10c560 is 192 bytes inside data symbol "groups"
==26796== 
==26796==  Lock at 0x10C4D0 was first observed
==26796==    at 0x484CEA9: pthread_mutex_init (hg_intercepts.c:818)
==26796==    by 0x109B08: projekt_zso (in /mnt/f/GitHub/ZSO/Proj_1/Proj_1)
==26796==    by 0x109CDB: main (in /mnt/f/GitHub/ZSO/Proj_1/Proj_1)
==26796==  Address 0x10c4d0 is 48 bytes inside data symbol "groups"
==26796== 
==26796== Possible data race during read of size 4 at 0x10C088 by thread #103
==26796== Locks held: 1, at address 0x10C560
==26796==    at 0x10925F: waiter_function (in /mnt/f/GitHub/ZSO/Proj_1/Proj_1)
==26796==    by 0x484B7D6: mythread_wrapper (hg_intercepts.c:406)
==26796==    by 0x48E8133: start_thread (pthread_create.c:442)
==26796==    by 0x4967A3F: clone (clone.S:100)
==26796== 
==26796== This conflicts with a previous write of size 4 by thread #102
==26796== Locks held: 1, at address 0x10C4D0
==26796==    at 0x10938F: waiter_function (in /mnt/f/GitHub/ZSO/Proj_1/Proj_1)
==26796==    by 0x484B7D6: mythread_wrapper (hg_intercepts.c:406)
==26796==    by 0x48E8133: start_thread (pthread_create.c:442)
==26796==    by 0x4967A3F: clone (clone.S:100)
==26796==  Address 0x10c088 is 8 bytes inside data symbol "tables"
==26796== 
==26796== ---Thread-Announcement------------------------------------------
==26796== 
==26796== Thread #105 was created
==26796==    at 0x4967A2F: clone (clone.S:76)
==26796==    by 0x4968878: __clone_internal (clone-internal.c:83)
==26796==    by 0x48E7D6F: create_thread (pthread_create.c:295)
==26796==    by 0x48E882C: pthread_create@@GLIBC_2.34 (pthread_create.c:831)
==26796==    by 0x484B5D7: pthread_create_WRK (hg_intercepts.c:445)
==26796==    by 0x109BFE: projekt_zso (in /mnt/f/GitHub/ZSO/Proj_1/Proj_1)
==26796==    by 0x109CDB: main (in /mnt/f/GitHub/ZSO/Proj_1/Proj_1)
==26796== 
==26796== ----------------------------------------------------------------
==26796== 
==26796==  Lock at 0x10C7A0 was first observed
==26796==    at 0x484CEA9: pthread_mutex_init (hg_intercepts.c:818)
==26796==    by 0x109B08: projekt_zso (in /mnt/f/GitHub/ZSO/Proj_1/Proj_1)
==26796==    by 0x109CDB: main (in /mnt/f/GitHub/ZSO/Proj_1/Proj_1)
==26796==  Address 0x10c7a0 is 768 bytes inside data symbol "groups"
==26796== 
==26796==  Lock at 0x10C710 was first observed
==26796==    at 0x484CEA9: pthread_mutex_init (hg_intercepts.c:818)
==26796==    by 0x109B08: projekt_zso (in /mnt/f/GitHub/ZSO/Proj_1/Proj_1)
==26796==    by 0x109CDB: main (in /mnt/f/GitHub/ZSO/Proj_1/Proj_1)
==26796==  Address 0x10c710 is 624 bytes inside data symbol "groups"
==26796== 
==26796== Possible data race during write of size 4 at 0x10C0F0 by thread #103
==26796== Locks held: 1, at address 0x10C7A0
==26796==    at 0x10938F: waiter_function (in /mnt/f/GitHub/ZSO/Proj_1/Proj_1)
==26796==    by 0x484B7D6: mythread_wrapper (hg_intercepts.c:406)
==26796==    by 0x48E8133: start_thread (pthread_create.c:442)
==26796==    by 0x4967A3F: clone (clone.S:100)
==26796== 
==26796== This conflicts with a previous read of size 4 by thread #105
==26796== Locks held: 1, at address 0x10C710
==26796==    at 0x10925F: waiter_function (in /mnt/f/GitHub/ZSO/Proj_1/Proj_1)
==26796==    by 0x484B7D6: mythread_wrapper (hg_intercepts.c:406)
==26796==    by 0x48E8133: start_thread (pthread_create.c:442)
==26796==    by 0x4967A3F: clone (clone.S:100)
==26796==  Address 0x10c0f0 is 112 bytes inside data symbol "tables"
==26796== 
==26796== ---Thread-Announcement------------------------------------------
==26796== 
==26796== Thread #13 was created
==26796==    at 0x4967A2F: clone (clone.S:76)
==26796==    by 0x4968878: __clone_internal (clone-internal.c:83)
==26796==    by 0x48E7D6F: create_thread (pthread_create.c:295)
==26796==    by 0x48E882C: pthread_create@@GLIBC_2.34 (pthread_create.c:831)
==26796==    by 0x484B5D7: pthread_create_WRK (hg_intercepts.c:445)
==26796==    by 0x109B81: projekt_zso (in /mnt/f/GitHub/ZSO/Proj_1/Proj_1)
==26796==    by 0x109CDB: main (in /mnt/f/GitHub/ZSO/Proj_1/Proj_1)
==26796== 
==26796== ----------------------------------------------------------------
==26796== 
==26796==  Lock at 0x10C1C8 was first observed
==26796==    at 0x484CEA9: pthread_mutex_init (hg_intercepts.c:818)
==26796==    by 0x109950: projekt_zso (in /mnt/f/GitHub/ZSO/Proj_1/Proj_1)
==26796==    by 0x109CDB: main (in /mnt/f/GitHub/ZSO/Proj_1/Proj_1)
==26796==  Address 0x10c1c8 is 328 bytes inside data symbol "tables"
==26796== 
==26796== Possible data race during read of size 4 at 0x10C1C4 by thread #105
==26796== Locks held: none
==26796==    at 0x10950E: waiter_function (in /mnt/f/GitHub/ZSO/Proj_1/Proj_1)
==26796==    by 0x484B7D6: mythread_wrapper (hg_intercepts.c:406)
==26796==    by 0x48E8133: start_thread (pthread_create.c:442)
==26796==    by 0x4967A3F: clone (clone.S:100)
==26796== 
==26796== This conflicts with a previous write of size 4 by thread #13
==26796== Locks held: 1, at address 0x10C1C8
==26796==    at 0x109854: client_function (in /mnt/f/GitHub/ZSO/Proj_1/Proj_1)
==26796==    by 0x484B7D6: mythread_wrapper (hg_intercepts.c:406)
==26796==    by 0x48E8133: start_thread (pthread_create.c:442)
==26796==    by 0x4967A3F: clone (clone.S:100)
==26796==  Address 0x10c1c4 is 324 bytes inside data symbol "tables"
==26796== 
==26796== ----------------------------------------------------------------
==26796== 
==26796== Thread #105: pthread_cond_{signal,broadcast}: dubious: associated lock is not held by any thread
==26796==    at 0x4849066: pthread_cond_broadcast_WRK (hg_intercepts.c:1632)
==26796==    by 0x1095A2: waiter_function (in /mnt/f/GitHub/ZSO/Proj_1/Proj_1)
==26796==    by 0x484B7D6: mythread_wrapper (hg_intercepts.c:406)
==26796==    by 0x48E8133: start_thread (pthread_create.c:442)
==26796==    by 0x4967A3F: clone (clone.S:100)
==26796== 
==26796== ---Thread-Announcement------------------------------------------
==26796== 
==26796== Thread #104 was created
==26796==    at 0x4967A2F: clone (clone.S:76)
==26796==    by 0x4968878: __clone_internal (clone-internal.c:83)
==26796==    by 0x48E7D6F: create_thread (pthread_create.c:295)
==26796==    by 0x48E882C: pthread_create@@GLIBC_2.34 (pthread_create.c:831)
==26796==    by 0x484B5D7: pthread_create_WRK (hg_intercepts.c:445)
==26796==    by 0x109BFE: projekt_zso (in /mnt/f/GitHub/ZSO/Proj_1/Proj_1)
==26796==    by 0x109CDB: main (in /mnt/f/GitHub/ZSO/Proj_1/Proj_1)
==26796== 
==26796== ----------------------------------------------------------------
==26796== 
==26796== Thread #104: pthread_cond_{signal,broadcast}: dubious: associated lock is not held by any thread
==26796==    at 0x4849066: pthread_cond_broadcast_WRK (hg_intercepts.c:1632)
==26796==    by 0x1095A2: waiter_function (in /mnt/f/GitHub/ZSO/Proj_1/Proj_1)
==26796==    by 0x484B7D6: mythread_wrapper (hg_intercepts.c:406)
==26796==    by 0x48E8133: start_thread (pthread_create.c:442)
==26796==    by 0x4967A3F: clone (clone.S:100)
==26796== 
==26796== ---Thread-Announcement------------------------------------------
==26796== 
==26796== Thread #33 was created
==26796==    at 0x4967A2F: clone (clone.S:76)
==26796==    by 0x4968878: __clone_internal (clone-internal.c:83)
==26796==    by 0x48E7D6F: create_thread (pthread_create.c:295)
==26796==    by 0x48E882C: pthread_create@@GLIBC_2.34 (pthread_create.c:831)
==26796==    by 0x484B5D7: pthread_create_WRK (hg_intercepts.c:445)
==26796==    by 0x109B81: projekt_zso (in /mnt/f/GitHub/ZSO/Proj_1/Proj_1)
==26796==    by 0x109CDB: main (in /mnt/f/GitHub/ZSO/Proj_1/Proj_1)
==26796== 
==26796== ----------------------------------------------------------------
==26796== 
==26796==  Lock at 0x10C300 was first observed
==26796==    at 0x484CEA9: pthread_mutex_init (hg_intercepts.c:818)
==26796==    by 0x109950: projekt_zso (in /mnt/f/GitHub/ZSO/Proj_1/Proj_1)
==26796==    by 0x109CDB: main (in /mnt/f/GitHub/ZSO/Proj_1/Proj_1)
==26796==  Address 0x10c300 is 640 bytes inside data symbol "tables"
==26796== 
==26796== Possible data race during write of size 4 at 0x10C2FC by thread #104
==26796== Locks held: none
==26796==    at 0x1095EF: waiter_function (in /mnt/f/GitHub/ZSO/Proj_1/Proj_1)
==26796==    by 0x484B7D6: mythread_wrapper (hg_intercepts.c:406)
==26796==    by 0x48E8133: start_thread (pthread_create.c:442)
==26796==    by 0x4967A3F: clone (clone.S:100)
==26796== 
==26796== This conflicts with a previous write of size 4 by thread #33
==26796== Locks held: 1, at address 0x10C300
==26796==    at 0x109854: client_function (in /mnt/f/GitHub/ZSO/Proj_1/Proj_1)
==26796==    by 0x484B7D6: mythread_wrapper (hg_intercepts.c:406)
==26796==    by 0x48E8133: start_thread (pthread_create.c:442)
==26796==    by 0x4967A3F: clone (clone.S:100)
==26796==  Address 0x10c2fc is 636 bytes inside data symbol "tables"
==26796== 
==26796== ----------------------------------------------------------------
==26796== 
==26796==  Lock at 0x10D010 was first observed
==26796==    at 0x484CEA9: pthread_mutex_init (hg_intercepts.c:818)
==26796==    by 0x109B08: projekt_zso (in /mnt/f/GitHub/ZSO/Proj_1/Proj_1)
==26796==    by 0x109CDB: main (in /mnt/f/GitHub/ZSO/Proj_1/Proj_1)
==26796==  Address 0x10d010 is 2928 bytes inside data symbol "groups"
==26796== 
==26796== Possible data race during write of size 4 at 0x10C2F8 by thread #104
==26796== Locks held: none
==26796==    at 0x10961A: waiter_function (in /mnt/f/GitHub/ZSO/Proj_1/Proj_1)
==26796==    by 0x484B7D6: mythread_wrapper (hg_intercepts.c:406)
==26796==    by 0x48E8133: start_thread (pthread_create.c:442)
==26796==    by 0x4967A3F: clone (clone.S:100)
==26796== 
==26796== This conflicts with a previous read of size 4 by thread #102
==26796== Locks held: 1, at address 0x10D010
==26796==    at 0x10925F: waiter_function (in /mnt/f/GitHub/ZSO/Proj_1/Proj_1)
==26796==    by 0x484B7D6: mythread_wrapper (hg_intercepts.c:406)
==26796==    by 0x48E8133: start_thread (pthread_create.c:442)
==26796==    by 0x4967A3F: clone (clone.S:100)
==26796==  Address 0x10c2f8 is 632 bytes inside data symbol "tables"
==26796== 
==26796== ---Thread-Announcement------------------------------------------
==26796== 
==26796== Thread #62 was created
==26796==    at 0x4967A2F: clone (clone.S:76)
==26796==    by 0x4968878: __clone_internal (clone-internal.c:83)
==26796==    by 0x48E7D6F: create_thread (pthread_create.c:295)
==26796==    by 0x48E882C: pthread_create@@GLIBC_2.34 (pthread_create.c:831)
==26796==    by 0x484B5D7: pthread_create_WRK (hg_intercepts.c:445)
==26796==    by 0x109B81: projekt_zso (in /mnt/f/GitHub/ZSO/Proj_1/Proj_1)
==26796==    by 0x109CDB: main (in /mnt/f/GitHub/ZSO/Proj_1/Proj_1)
==26796== 
==26796== ----------------------------------------------------------------
==26796== 
==26796==  Lock at 0x10C160 was first observed
==26796==    at 0x484CEA9: pthread_mutex_init (hg_intercepts.c:818)
==26796==    by 0x109950: projekt_zso (in /mnt/f/GitHub/ZSO/Proj_1/Proj_1)
==26796==    by 0x109CDB: main (in /mnt/f/GitHub/ZSO/Proj_1/Proj_1)
==26796==  Address 0x10c160 is 224 bytes inside data symbol "tables"
==26796== 
==26796== Possible data race during write of size 4 at 0x10C15C by thread #62
==26796== Locks held: 1, at address 0x10C160
==26796==    at 0x109854: client_function (in /mnt/f/GitHub/ZSO/Proj_1/Proj_1)
==26796==    by 0x484B7D6: mythread_wrapper (hg_intercepts.c:406)
==26796==    by 0x48E8133: start_thread (pthread_create.c:442)
==26796==    by 0x4967A3F: clone (clone.S:100)
==26796== 
==26796== This conflicts with a previous read of size 4 by thread #104
==26796== Locks held: none
==26796==    at 0x10950E: waiter_function (in /mnt/f/GitHub/ZSO/Proj_1/Proj_1)
==26796==    by 0x484B7D6: mythread_wrapper (hg_intercepts.c:406)
==26796==    by 0x48E8133: start_thread (pthread_create.c:442)
==26796==    by 0x4967A3F: clone (clone.S:100)
==26796==  Address 0x10c15c is 220 bytes inside data symbol "tables"
==26796== 
==26796== ----------------------------------------------------------------
==26796== 
==26796== Thread #102: pthread_cond_{signal,broadcast}: dubious: associated lock is not held by any thread
==26796==    at 0x4849066: pthread_cond_broadcast_WRK (hg_intercepts.c:1632)
==26796==    by 0x1095A2: waiter_function (in /mnt/f/GitHub/ZSO/Proj_1/Proj_1)
==26796==    by 0x484B7D6: mythread_wrapper (hg_intercepts.c:406)
==26796==    by 0x48E8133: start_thread (pthread_create.c:442)
==26796==    by 0x4967A3F: clone (clone.S:100)
==26796== 
==26796== ----------------------------------------------------------------
==26796== 
==26796==  Lock at 0x10D250 was first observed
==26796==    at 0x484CEA9: pthread_mutex_init (hg_intercepts.c:818)
==26796==    by 0x109B08: projekt_zso (in /mnt/f/GitHub/ZSO/Proj_1/Proj_1)
==26796==    by 0x109CDB: main (in /mnt/f/GitHub/ZSO/Proj_1/Proj_1)
==26796==  Address 0x10d250 is 3504 bytes inside data symbol "groups"
==26796== 
==26796==  Lock at 0x10D2E0 was first observed
==26796==    at 0x484CEA9: pthread_mutex_init (hg_intercepts.c:818)
==26796==    by 0x109B08: projekt_zso (in /mnt/f/GitHub/ZSO/Proj_1/Proj_1)
==26796==    by 0x109CDB: main (in /mnt/f/GitHub/ZSO/Proj_1/Proj_1)
==26796==  Address 0x10d2e0 is 3648 bytes inside data symbol "groups"
==26796== 
==26796== Possible data race during write of size 1 at 0x10C1B8 by thread #105
==26796== Locks held: 1, at address 0x10D250
==26796==    at 0x1093DC: waiter_function (in /mnt/f/GitHub/ZSO/Proj_1/Proj_1)
==26796==    by 0x484B7D6: mythread_wrapper (hg_intercepts.c:406)
==26796==    by 0x48E8133: start_thread (pthread_create.c:442)
==26796==    by 0x4967A3F: clone (clone.S:100)
==26796== 
==26796== This conflicts with a previous read of size 1 by thread #103
==26796== Locks held: 1, at address 0x10D2E0
==26796==    at 0x1092DE: waiter_function (in /mnt/f/GitHub/ZSO/Proj_1/Proj_1)
==26796==    by 0x484B7D6: mythread_wrapper (hg_intercepts.c:406)
==26796==    by 0x48E8133: start_thread (pthread_create.c:442)
==26796==    by 0x4967A3F: clone (clone.S:100)
==26796==  Address 0x10c1b8 is 312 bytes inside data symbol "tables"
==26796== 
==26796== ----------------------------------------------------------------
==26796== 
==26796== Thread #103: pthread_cond_{signal,broadcast}: dubious: associated lock is not held by any thread
==26796==    at 0x4849066: pthread_cond_broadcast_WRK (hg_intercepts.c:1632)
==26796==    by 0x1095A2: waiter_function (in /mnt/f/GitHub/ZSO/Proj_1/Proj_1)
==26796==    by 0x484B7D6: mythread_wrapper (hg_intercepts.c:406)
==26796==    by 0x48E8133: start_thread (pthread_create.c:442)
==26796==    by 0x4967A3F: clone (clone.S:100)
==26796== 
==26796== ---Thread-Announcement------------------------------------------
==26796== 
==26796== Thread #208 was created
==26796==    at 0x4967A2F: clone (clone.S:76)
==26796==    by 0x4968878: __clone_internal (clone-internal.c:83)
==26796==    by 0x48E7D6F: create_thread (pthread_create.c:295)
==26796==    by 0x48E882C: pthread_create@@GLIBC_2.34 (pthread_create.c:831)
==26796==    by 0x484B5D7: pthread_create_WRK (hg_intercepts.c:445)
==26796==    by 0x109BFE: projekt_zso (in /mnt/f/GitHub/ZSO/Proj_1/Proj_1)
==26796==    by 0x109CDB: main (in /mnt/f/GitHub/ZSO/Proj_1/Proj_1)
==26796== 
==26796== ---Thread-Announcement------------------------------------------
==26796== 
==26796== Thread #207 was created
==26796==    at 0x4967A2F: clone (clone.S:76)
==26796==    by 0x4968878: __clone_internal (clone-internal.c:83)
==26796==    by 0x48E7D6F: create_thread (pthread_create.c:295)
==26796==    by 0x48E882C: pthread_create@@GLIBC_2.34 (pthread_create.c:831)
==26796==    by 0x484B5D7: pthread_create_WRK (hg_intercepts.c:445)
==26796==    by 0x109BFE: projekt_zso (in /mnt/f/GitHub/ZSO/Proj_1/Proj_1)
==26796==    by 0x109CDB: main (in /mnt/f/GitHub/ZSO/Proj_1/Proj_1)
==26796== 
==26796== ----------------------------------------------------------------
==26796== 
==26796==  Lock at 0x10C7A0 was first observed
==26796==    at 0x484CEA9: pthread_mutex_init (hg_intercepts.c:818)
==26796==    by 0x109B08: projekt_zso (in /mnt/f/GitHub/ZSO/Proj_1/Proj_1)
==26796==    by 0x109CDB: main (in /mnt/f/GitHub/ZSO/Proj_1/Proj_1)
==26796==  Address 0x10c7a0 is 768 bytes inside data symbol "groups"
==26796== 
==26796==  Lock at 0x10C560 was first observed
==26796==    at 0x484CEA9: pthread_mutex_init (hg_intercepts.c:818)
==26796==    by 0x109B08: projekt_zso (in /mnt/f/GitHub/ZSO/Proj_1/Proj_1)
==26796==    by 0x109CDB: main (in /mnt/f/GitHub/ZSO/Proj_1/Proj_1)
==26796==  Address 0x10c560 is 192 bytes inside data symbol "groups"
==26796== 
==26796== Possible data race during read of size 1 at 0x10C0E8 by thread #208
==26796== Locks held: 1, at address 0x10C7A0
==26796==    at 0x1092DE: waiter_function (in /mnt/f/GitHub/ZSO/Proj_1/Proj_1)
==26796==    by 0x484B7D6: mythread_wrapper (hg_intercepts.c:406)
==26796==    by 0x48E8133: start_thread (pthread_create.c:442)
==26796==    by 0x4967A3F: clone (clone.S:100)
==26796== 
==26796== This conflicts with a previous write of size 1 by thread #207
==26796== Locks held: 1, at address 0x10C560
==26796==    at 0x1093DC: waiter_function (in /mnt/f/GitHub/ZSO/Proj_1/Proj_1)
==26796==    by 0x484B7D6: mythread_wrapper (hg_intercepts.c:406)
==26796==    by 0x48E8133: start_thread (pthread_create.c:442)
==26796==    by 0x4967A3F: clone (clone.S:100)
==26796==  Address 0x10c0e8 is 104 bytes inside data symbol "tables"
==26796== 
==26796== ----------------------------------------------------------------
==26796== 
==26796== Thread #208: pthread_cond_{signal,broadcast}: dubious: associated lock is not held by any thread
==26796==    at 0x4849066: pthread_cond_broadcast_WRK (hg_intercepts.c:1632)
==26796==    by 0x1095A2: waiter_function (in /mnt/f/GitHub/ZSO/Proj_1/Proj_1)
==26796==    by 0x484B7D6: mythread_wrapper (hg_intercepts.c:406)
==26796==    by 0x48E8133: start_thread (pthread_create.c:442)
==26796==    by 0x4967A3F: clone (clone.S:100)
==26796== 
==26796== ---Thread-Announcement------------------------------------------
==26796== 
==26796== Thread #206 was created
==26796==    at 0x4967A2F: clone (clone.S:76)
==26796==    by 0x4968878: __clone_internal (clone-internal.c:83)
==26796==    by 0x48E7D6F: create_thread (pthread_create.c:295)
==26796==    by 0x48E882C: pthread_create@@GLIBC_2.34 (pthread_create.c:831)
==26796==    by 0x484B5D7: pthread_create_WRK (hg_intercepts.c:445)
==26796==    by 0x109BFE: projekt_zso (in /mnt/f/GitHub/ZSO/Proj_1/Proj_1)
==26796==    by 0x109CDB: main (in /mnt/f/GitHub/ZSO/Proj_1/Proj_1)
==26796== 
==26796== ----------------------------------------------------------------
==26796== 
==26796== Thread #206: pthread_cond_{signal,broadcast}: dubious: associated lock is not held by any thread
==26796==    at 0x4849066: pthread_cond_broadcast_WRK (hg_intercepts.c:1632)
==26796==    by 0x1095A2: waiter_function (in /mnt/f/GitHub/ZSO/Proj_1/Proj_1)
==26796==    by 0x484B7D6: mythread_wrapper (hg_intercepts.c:406)
==26796==    by 0x48E8133: start_thread (pthread_create.c:442)
==26796==    by 0x4967A3F: clone (clone.S:100)
==26796== 
==26796== ---Thread-Announcement------------------------------------------
==26796== 
==26796== Thread #209 was created
==26796==    at 0x4967A2F: clone (clone.S:76)
==26796==    by 0x4968878: __clone_internal (clone-internal.c:83)
==26796==    by 0x48E7D6F: create_thread (pthread_create.c:295)
==26796==    by 0x48E882C: pthread_create@@GLIBC_2.34 (pthread_create.c:831)
==26796==    by 0x484B5D7: pthread_create_WRK (hg_intercepts.c:445)
==26796==    by 0x109BFE: projekt_zso (in /mnt/f/GitHub/ZSO/Proj_1/Proj_1)
==26796==    by 0x109CDB: main (in /mnt/f/GitHub/ZSO/Proj_1/Proj_1)
==26796== 
==26796== ----------------------------------------------------------------
==26796== 
==26796== Thread #209: pthread_cond_{signal,broadcast}: dubious: associated lock is not held by any thread
==26796==    at 0x4849066: pthread_cond_broadcast_WRK (hg_intercepts.c:1632)
==26796==    by 0x1095A2: waiter_function (in /mnt/f/GitHub/ZSO/Proj_1/Proj_1)
==26796==    by 0x484B7D6: mythread_wrapper (hg_intercepts.c:406)
==26796==    by 0x48E8133: start_thread (pthread_create.c:442)
==26796==    by 0x4967A3F: clone (clone.S:100)
==26796== 
==26796== ----------------------------------------------------------------
==26796== 
==26796==  Lock at 0x10DAC0 was first observed
==26796==    at 0x484CEA9: pthread_mutex_init (hg_intercepts.c:818)
==26796==    by 0x109B08: projekt_zso (in /mnt/f/GitHub/ZSO/Proj_1/Proj_1)
==26796==    by 0x109CDB: main (in /mnt/f/GitHub/ZSO/Proj_1/Proj_1)
==26796==  Address 0x10dac0 is 5664 bytes inside data symbol "groups"
==26796== 
==26796== Possible data race during write of size 1 at 0x10C2F0 by thread #208
==26796== Locks held: none
==26796==    at 0x1095C7: waiter_function (in /mnt/f/GitHub/ZSO/Proj_1/Proj_1)
==26796==    by 0x484B7D6: mythread_wrapper (hg_intercepts.c:406)
==26796==    by 0x48E8133: start_thread (pthread_create.c:442)
==26796==    by 0x4967A3F: clone (clone.S:100)
==26796== 
==26796== This conflicts with a previous read of size 1 by thread #209
==26796== Locks held: 1, at address 0x10DAC0
==26796==    at 0x1092DE: waiter_function (in /mnt/f/GitHub/ZSO/Proj_1/Proj_1)
==26796==    by 0x484B7D6: mythread_wrapper (hg_intercepts.c:406)
==26796==    by 0x48E8133: start_thread (pthread_create.c:442)
==26796==    by 0x4967A3F: clone (clone.S:100)
==26796==  Address 0x10c2f0 is 624 bytes inside data symbol "tables"
==26796== 
==26796== ----------------------------------------------------------------
==26796== 
==26796== Thread #207: pthread_cond_{signal,broadcast}: dubious: associated lock is not held by any thread
==26796==    at 0x4849066: pthread_cond_broadcast_WRK (hg_intercepts.c:1632)
==26796==    by 0x1095A2: waiter_function (in /mnt/f/GitHub/ZSO/Proj_1/Proj_1)
==26796==    by 0x484B7D6: mythread_wrapper (hg_intercepts.c:406)
==26796==    by 0x48E8133: start_thread (pthread_create.c:442)
==26796==    by 0x4967A3F: clone (clone.S:100)
==26796== 
==26796== ---Thread-Announcement------------------------------------------
==26796== 
==26796== Thread #312 was created
==26796==    at 0x4967A2F: clone (clone.S:76)
==26796==    by 0x4968878: __clone_internal (clone-internal.c:83)
==26796==    by 0x48E7D6F: create_thread (pthread_create.c:295)
==26796==    by 0x48E882C: pthread_create@@GLIBC_2.34 (pthread_create.c:831)
==26796==    by 0x484B5D7: pthread_create_WRK (hg_intercepts.c:445)
==26796==    by 0x109BFE: projekt_zso (in /mnt/f/GitHub/ZSO/Proj_1/Proj_1)
==26796==    by 0x109CDB: main (in /mnt/f/GitHub/ZSO/Proj_1/Proj_1)
==26796== 
==26796== ----------------------------------------------------------------
==26796== 
==26796== Thread #312: pthread_cond_{signal,broadcast}: dubious: associated lock is not held by any thread
==26796==    at 0x4849066: pthread_cond_broadcast_WRK (hg_intercepts.c:1632)
==26796==    by 0x1095A2: waiter_function (in /mnt/f/GitHub/ZSO/Proj_1/Proj_1)
==26796==    by 0x484B7D6: mythread_wrapper (hg_intercepts.c:406)
==26796==    by 0x48E8133: start_thread (pthread_create.c:442)
==26796==    by 0x4967A3F: clone (clone.S:100)
==26796== 
==26796== ---Thread-Announcement------------------------------------------
==26796== 
==26796== Thread #310 was created
==26796==    at 0x4967A2F: clone (clone.S:76)
==26796==    by 0x4968878: __clone_internal (clone-internal.c:83)
==26796==    by 0x48E7D6F: create_thread (pthread_create.c:295)
==26796==    by 0x48E882C: pthread_create@@GLIBC_2.34 (pthread_create.c:831)
==26796==    by 0x484B5D7: pthread_create_WRK (hg_intercepts.c:445)
==26796==    by 0x109BFE: projekt_zso (in /mnt/f/GitHub/ZSO/Proj_1/Proj_1)
==26796==    by 0x109CDB: main (in /mnt/f/GitHub/ZSO/Proj_1/Proj_1)
==26796== 
==26796== ----------------------------------------------------------------
==26796== 
==26796== Thread #310: pthread_cond_{signal,broadcast}: dubious: associated lock is not held by any thread
==26796==    at 0x4849066: pthread_cond_broadcast_WRK (hg_intercepts.c:1632)
==26796==    by 0x1095A2: waiter_function (in /mnt/f/GitHub/ZSO/Proj_1/Proj_1)
==26796==    by 0x484B7D6: mythread_wrapper (hg_intercepts.c:406)
==26796==    by 0x48E8133: start_thread (pthread_create.c:442)
==26796==    by 0x4967A3F: clone (clone.S:100)
==26796== 
==26796== ---Thread-Announcement------------------------------------------
==26796== 
==26796== Thread #313 was created
==26796==    at 0x4967A2F: clone (clone.S:76)
==26796==    by 0x4968878: __clone_internal (clone-internal.c:83)
==26796==    by 0x48E7D6F: create_thread (pthread_create.c:295)
==26796==    by 0x48E882C: pthread_create@@GLIBC_2.34 (pthread_create.c:831)
==26796==    by 0x484B5D7: pthread_create_WRK (hg_intercepts.c:445)
==26796==    by 0x109BFE: projekt_zso (in /mnt/f/GitHub/ZSO/Proj_1/Proj_1)
==26796==    by 0x109CDB: main (in /mnt/f/GitHub/ZSO/Proj_1/Proj_1)
==26796== 
==26796== ----------------------------------------------------------------
==26796== 
==26796== Thread #313: pthread_cond_{signal,broadcast}: dubious: associated lock is not held by any thread
==26796==    at 0x4849066: pthread_cond_broadcast_WRK (hg_intercepts.c:1632)
==26796==    by 0x1095A2: waiter_function (in /mnt/f/GitHub/ZSO/Proj_1/Proj_1)
==26796==    by 0x484B7D6: mythread_wrapper (hg_intercepts.c:406)
==26796==    by 0x48E8133: start_thread (pthread_create.c:442)
==26796==    by 0x4967A3F: clone (clone.S:100)
==26796== 
==26796== ---Thread-Announcement------------------------------------------
==26796== 
==26796== Thread #311 was created
==26796==    at 0x4967A2F: clone (clone.S:76)
==26796==    by 0x4968878: __clone_internal (clone-internal.c:83)
==26796==    by 0x48E7D6F: create_thread (pthread_create.c:295)
==26796==    by 0x48E882C: pthread_create@@GLIBC_2.34 (pthread_create.c:831)
==26796==    by 0x484B5D7: pthread_create_WRK (hg_intercepts.c:445)
==26796==    by 0x109BFE: projekt_zso (in /mnt/f/GitHub/ZSO/Proj_1/Proj_1)
==26796==    by 0x109CDB: main (in /mnt/f/GitHub/ZSO/Proj_1/Proj_1)
==26796== 
==26796== ----------------------------------------------------------------
==26796== 
==26796== Thread #311: pthread_cond_{signal,broadcast}: dubious: associated lock is not held by any thread
==26796==    at 0x4849066: pthread_cond_broadcast_WRK (hg_intercepts.c:1632)
==26796==    by 0x1095A2: waiter_function (in /mnt/f/GitHub/ZSO/Proj_1/Proj_1)
==26796==    by 0x484B7D6: mythread_wrapper (hg_intercepts.c:406)
==26796==    by 0x48E8133: start_thread (pthread_create.c:442)
==26796==    by 0x4967A3F: clone (clone.S:100)
==26796== 
==26796== ---Thread-Announcement------------------------------------------
==26796== 
==26796== Thread #417 was created
==26796==    at 0x4967A2F: clone (clone.S:76)
==26796==    by 0x4968878: __clone_internal (clone-internal.c:83)
==26796==    by 0x48E7D6F: create_thread (pthread_create.c:295)
==26796==    by 0x48E882C: pthread_create@@GLIBC_2.34 (pthread_create.c:831)
==26796==    by 0x484B5D7: pthread_create_WRK (hg_intercepts.c:445)
==26796==    by 0x109BFE: projekt_zso (in /mnt/f/GitHub/ZSO/Proj_1/Proj_1)
==26796==    by 0x109CDB: main (in /mnt/f/GitHub/ZSO/Proj_1/Proj_1)
==26796== 
==26796== ----------------------------------------------------------------
==26796== 
==26796== Thread #417: pthread_cond_{signal,broadcast}: dubious: associated lock is not held by any thread
==26796==    at 0x4849066: pthread_cond_broadcast_WRK (hg_intercepts.c:1632)
==26796==    by 0x1095A2: waiter_function (in /mnt/f/GitHub/ZSO/Proj_1/Proj_1)
==26796==    by 0x484B7D6: mythread_wrapper (hg_intercepts.c:406)
==26796==    by 0x48E8133: start_thread (pthread_create.c:442)
==26796==    by 0x4967A3F: clone (clone.S:100)
==26796== 
==26796== ---Thread-Announcement------------------------------------------
==26796== 
==26796== Thread #416 was created
==26796==    at 0x4967A2F: clone (clone.S:76)
==26796==    by 0x4968878: __clone_internal (clone-internal.c:83)
==26796==    by 0x48E7D6F: create_thread (pthread_create.c:295)
==26796==    by 0x48E882C: pthread_create@@GLIBC_2.34 (pthread_create.c:831)
==26796==    by 0x484B5D7: pthread_create_WRK (hg_intercepts.c:445)
==26796==    by 0x109BFE: projekt_zso (in /mnt/f/GitHub/ZSO/Proj_1/Proj_1)
==26796==    by 0x109CDB: main (in /mnt/f/GitHub/ZSO/Proj_1/Proj_1)
==26796== 
==26796== ----------------------------------------------------------------
==26796== 
==26796== Thread #416: pthread_cond_{signal,broadcast}: dubious: associated lock is not held by any thread
==26796==    at 0x4849066: pthread_cond_broadcast_WRK (hg_intercepts.c:1632)
==26796==    by 0x1095A2: waiter_function (in /mnt/f/GitHub/ZSO/Proj_1/Proj_1)
==26796==    by 0x484B7D6: mythread_wrapper (hg_intercepts.c:406)
==26796==    by 0x48E8133: start_thread (pthread_create.c:442)
==26796==    by 0x4967A3F: clone (clone.S:100)
==26796== 
==26796== ---Thread-Announcement------------------------------------------
==26796== 
==26796== Thread #414 was created
==26796==    at 0x4967A2F: clone (clone.S:76)
==26796==    by 0x4968878: __clone_internal (clone-internal.c:83)
==26796==    by 0x48E7D6F: create_thread (pthread_create.c:295)
==26796==    by 0x48E882C: pthread_create@@GLIBC_2.34 (pthread_create.c:831)
==26796==    by 0x484B5D7: pthread_create_WRK (hg_intercepts.c:445)
==26796==    by 0x109BFE: projekt_zso (in /mnt/f/GitHub/ZSO/Proj_1/Proj_1)
==26796==    by 0x109CDB: main (in /mnt/f/GitHub/ZSO/Proj_1/Proj_1)
==26796== 
==26796== ----------------------------------------------------------------
==26796== 
==26796== Thread #414: pthread_cond_{signal,broadcast}: dubious: associated lock is not held by any thread
==26796==    at 0x4849066: pthread_cond_broadcast_WRK (hg_intercepts.c:1632)
==26796==    by 0x1095A2: waiter_function (in /mnt/f/GitHub/ZSO/Proj_1/Proj_1)
==26796==    by 0x484B7D6: mythread_wrapper (hg_intercepts.c:406)
==26796==    by 0x48E8133: start_thread (pthread_create.c:442)
==26796==    by 0x4967A3F: clone (clone.S:100)
==26796== 
==26796== ---Thread-Announcement------------------------------------------
==26796== 
==26796== Thread #415 was created
==26796==    at 0x4967A2F: clone (clone.S:76)
==26796==    by 0x4968878: __clone_internal (clone-internal.c:83)
==26796==    by 0x48E7D6F: create_thread (pthread_create.c:295)
==26796==    by 0x48E882C: pthread_create@@GLIBC_2.34 (pthread_create.c:831)
==26796==    by 0x484B5D7: pthread_create_WRK (hg_intercepts.c:445)
==26796==    by 0x109BFE: projekt_zso (in /mnt/f/GitHub/ZSO/Proj_1/Proj_1)
==26796==    by 0x109CDB: main (in /mnt/f/GitHub/ZSO/Proj_1/Proj_1)
==26796== 
==26796== ----------------------------------------------------------------
==26796== 
==26796== Thread #415: pthread_cond_{signal,broadcast}: dubious: associated lock is not held by any thread
==26796==    at 0x4849066: pthread_cond_broadcast_WRK (hg_intercepts.c:1632)
==26796==    by 0x1095A2: waiter_function (in /mnt/f/GitHub/ZSO/Proj_1/Proj_1)
==26796==    by 0x484B7D6: mythread_wrapper (hg_intercepts.c:406)
==26796==    by 0x48E8133: start_thread (pthread_create.c:442)
==26796==    by 0x4967A3F: clone (clone.S:100)
==26796== 
==26796== 
==26796== Process terminating with default action of signal 2 (SIGINT)
==26796==    at 0x48E4E96: __futex_abstimed_wait_common64 (futex-internal.c:57)
==26796==    by 0x48E4E96: __futex_abstimed_wait_common (futex-internal.c:87)
==26796==    by 0x48E9C22: __pthread_clockjoin_ex (pthread_join_common.c:102)
==26796==    by 0x4848395: pthread_join_WRK (hg_intercepts.c:578)
==26796==    by 0x109C56: projekt_zso (in /mnt/f/GitHub/ZSO/Proj_1/Proj_1)
==26796==    by 0x109CDB: main (in /mnt/f/GitHub/ZSO/Proj_1/Proj_1)
==26796== ----------------------------------------------------------------
==26796== 
==26796== Thread #414: Exiting thread still holds 1 lock
==26796==    at 0x48E6AB1: futex_wake (futex-internal.h:209)
==26796==    by 0x48E6AB1: pthread_cond_broadcast@@GLIBC_2.3.2 (pthread_cond_broadcast.c:85)
==26796==    by 0x48490C8: pthread_cond_broadcast_WRK (hg_intercepts.c:1635)
==26796==    by 0x109453: waiter_function (in /mnt/f/GitHub/ZSO/Proj_1/Proj_1)
==26796==    by 0x484B7D6: mythread_wrapper (hg_intercepts.c:406)
==26796==    by 0x48E8133: start_thread (pthread_create.c:442)
==26796==    by 0x4967A3F: clone (clone.S:100)
==26796== 
==26796== ----------------------------------------------------------------
==26796== 
==26796== Thread #415: Exiting thread still holds 1 lock
==26796==    at 0x48ECC90: pthread_mutex_unlock@@GLIBC_2.2.5 (pthread_mutex_unlock.c:368)
==26796==    by 0x109493: waiter_function (in /mnt/f/GitHub/ZSO/Proj_1/Proj_1)
==26796==    by 0x484B7D6: mythread_wrapper (hg_intercepts.c:406)
==26796==    by 0x48E8133: start_thread (pthread_create.c:442)
==26796==    by 0x4967A3F: clone (clone.S:100)
==26796== 
==26796== 
==26796== Use --history-level=approx or =none to gain increased speed, at
==26796== the cost of reduced accuracy of conflicting-access information
==26796== For lists of detected and suppressed errors, rerun with: -s
==26796== ERROR SUMMARY: 3267970 errors from 27 contexts (suppressed: 80929781 from 29)
